<?xml version="1.0" encoding="UTF-8"?>
<coverage generated="1661545238583" clover="3.2.0">
  <project timestamp="1661545238583" name="All files">
    <metrics statements="57" coveredstatements="35" conditionals="32" coveredconditionals="22" methods="28" coveredmethods="16" elements="117" coveredelements="73" complexity="0" loc="57" ncloc="57" packages="2" files="8" classes="8"/>
    <package name="components">
      <metrics statements="1" coveredstatements="1" conditionals="0" coveredconditionals="0" methods="1" coveredmethods="1"/>
      <file name="Footer.js" path="/Users/learnacademy/Desktop/paw-spot/app/javascript/components/components/Footer.js">
        <metrics statements="1" coveredstatements="1" conditionals="0" coveredconditionals="0" methods="1" coveredmethods="1"/>
        <line num="5" count="1" type="stmt"/>
      </file>
    </package>
    <package name="pages">
      <metrics statements="56" coveredstatements="34" conditionals="32" coveredconditionals="22" methods="27" coveredmethods="15"/>
      <file name="Home.js" path="/Users/learnacademy/Desktop/paw-spot/app/javascript/components/pages/Home.js">
        <metrics statements="2" coveredstatements="2" conditionals="6" coveredconditionals="6" methods="1" coveredmethods="1"/>
        <line num="11" count="9" type="stmt"/>
        <line num="13" count="9" type="stmt"/>
      </file>
      <file name="NotFound.js" path="/Users/learnacademy/Desktop/paw-spot/app/javascript/components/pages/NotFound.js">
        <metrics statements="1" coveredstatements="1" conditionals="0" coveredconditionals="0" methods="1" coveredmethods="1"/>
        <line num="10" count="5" type="stmt"/>
      </file>
      <file name="ProtectedSpotIndex.js" path="/Users/learnacademy/Desktop/paw-spot/app/javascript/components/pages/ProtectedSpotIndex.js">
        <metrics statements="3" coveredstatements="3" conditionals="2" coveredconditionals="2" methods="2" coveredmethods="2"/>
        <line num="10" count="9" type="stmt"/>
        <line num="11" count="9" type="stmt"/>
        <line num="17" count="9" type="stmt"/>
      </file>
      <file name="SpotEdit.js" path="/Users/learnacademy/Desktop/paw-spot/app/javascript/components/pages/SpotEdit.js">
        <metrics statements="12" coveredstatements="5" conditionals="4" coveredconditionals="1" methods="5" coveredmethods="2"/>
        <line num="8" count="6" type="stmt"/>
        <line num="9" count="6" type="stmt"/>
        <line num="27" count="0" type="cond" truecount="0" falsecount="2"/>
        <line num="28" count="0" type="stmt"/>
        <line num="44" count="6" type="stmt"/>
        <line num="45" count="0" type="stmt"/>
        <line num="46" count="0" type="stmt"/>
        <line num="47" count="0" type="stmt"/>
        <line num="50" count="6" type="stmt"/>
        <line num="51" count="0" type="stmt"/>
        <line num="52" count="0" type="stmt"/>
        <line num="56" count="6" type="stmt"/>
      </file>
      <file name="SpotIndex.js" path="/Users/learnacademy/Desktop/paw-spot/app/javascript/components/pages/SpotIndex.js">
        <metrics statements="16" coveredstatements="12" conditionals="12" coveredconditionals="8" methods="9" coveredmethods="5"/>
        <line num="6" count="12" type="stmt"/>
        <line num="7" count="12" type="stmt"/>
        <line num="20" count="12" type="stmt"/>
        <line num="21" count="7" type="cond" truecount="1" falsecount="1"/>
        <line num="22" count="0" type="cond" truecount="0" falsecount="2"/>
        <line num="23" count="7" type="cond" truecount="1" falsecount="1"/>
        <line num="24" count="7" type="stmt"/>
        <line num="26" count="0" type="stmt"/>
        <line num="30" count="12" type="stmt"/>
        <line num="31" count="0" type="stmt"/>
        <line num="34" count="12" type="stmt"/>
        <line num="35" count="0" type="stmt"/>
        <line num="40" count="12" type="stmt"/>
        <line num="42" count="12" type="stmt"/>
        <line num="50" count="12" type="stmt"/>
        <line num="65" count="7" type="stmt"/>
      </file>
      <file name="SpotNew.js" path="/Users/learnacademy/Desktop/paw-spot/app/javascript/components/pages/SpotNew.js">
        <metrics statements="10" coveredstatements="5" conditionals="2" coveredconditionals="1" methods="4" coveredmethods="2"/>
        <line num="8" count="6" type="stmt"/>
        <line num="9" count="6" type="stmt"/>
        <line num="25" count="6" type="stmt"/>
        <line num="27" count="0" type="stmt"/>
        <line num="28" count="0" type="stmt"/>
        <line num="29" count="0" type="stmt"/>
        <line num="32" count="6" type="stmt"/>
        <line num="33" count="0" type="stmt"/>
        <line num="34" count="0" type="stmt"/>
        <line num="38" count="6" type="stmt"/>
      </file>
      <file name="SpotShow.js" path="/Users/learnacademy/Desktop/paw-spot/app/javascript/components/pages/SpotShow.js">
        <metrics statements="12" coveredstatements="6" conditionals="6" coveredconditionals="4" methods="5" coveredmethods="2"/>
        <line num="15" count="10" type="stmt"/>
        <line num="16" count="10" type="stmt"/>
        <line num="30" count="0" type="stmt"/>
        <line num="31" count="0" type="cond" truecount="0" falsecount="2"/>
        <line num="32" count="0" type="stmt"/>
        <line num="35" count="0" type="stmt"/>
        <line num="36" count="0" type="stmt"/>
        <line num="54" count="10" type="stmt"/>
        <line num="56" count="10" type="stmt"/>
        <line num="64" count="10" type="stmt"/>
        <line num="69" count="10" type="stmt"/>
        <line num="90" count="0" type="stmt"/>
      </file>
    </package>
  </project>
</coverage>
