{"/Users/learnacademy/Desktop/paw-spot/app/javascript/components/components/Footer.js": {"path":"/Users/learnacademy/Desktop/paw-spot/app/javascript/components/components/Footer.js","statementMap":{"0":{"start":{"line":5,"column":4},"end":{"line":13,"column":5}}},"fnMap":{"0":{"name":"(anonymous_0)","decl":{"start":{"line":4,"column":2},"end":{"line":4,"column":3}},"loc":{"start":{"line":4,"column":11},"end":{"line":14,"column":3}},"line":4}},"branchMap":{},"s":{"0":1},"f":{"0":1},"b":{},"_coverageSchema":"1a1c01bbd47fc00a2c39e90264f33305004495a9","hash":"d939b01b6333c19aa8143857c2458f9c8ce451b2"}
,"/Users/learnacademy/Desktop/paw-spot/app/javascript/components/pages/Home.js": {"path":"/Users/learnacademy/Desktop/paw-spot/app/javascript/components/pages/Home.js","statementMap":{"0":{"start":{"line":11,"column":10},"end":{"line":11,"column":20}},"1":{"start":{"line":13,"column":4},"end":{"line":78,"column":5}}},"fnMap":{"0":{"name":"(anonymous_0)","decl":{"start":{"line":6,"column":2},"end":{"line":6,"column":3}},"loc":{"start":{"line":6,"column":11},"end":{"line":79,"column":3}},"line":6}},"branchMap":{"0":{"loc":{"start":{"line":22,"column":13},"end":{"line":32,"column":19}},"type":"binary-expr","locations":[{"start":{"line":22,"column":13},"end":{"line":22,"column":23}},{"start":{"line":23,"column":16},"end":{"line":32,"column":19}}],"line":22},"1":{"loc":{"start":{"line":34,"column":13},"end":{"line":44,"column":19}},"type":"binary-expr","locations":[{"start":{"line":34,"column":13},"end":{"line":34,"column":22}},{"start":{"line":35,"column":16},"end":{"line":44,"column":19}}],"line":34},"2":{"loc":{"start":{"line":69,"column":14},"end":{"line":75,"column":18}},"type":"binary-expr","locations":[{"start":{"line":69,"column":14},"end":{"line":69,"column":23}},{"start":{"line":70,"column":12},"end":{"line":75,"column":18}}],"line":69}},"s":{"0":9,"1":9},"f":{"0":9},"b":{"0":[9,7],"1":[9,2],"2":[9,2]},"_coverageSchema":"1a1c01bbd47fc00a2c39e90264f33305004495a9","hash":"4dce1b8e1b973ba399100728251c6cb32135c09f"}
,"/Users/learnacademy/Desktop/paw-spot/app/javascript/components/pages/NotFound.js": {"path":"/Users/learnacademy/Desktop/paw-spot/app/javascript/components/pages/NotFound.js","statementMap":{"0":{"start":{"line":10,"column":4},"end":{"line":23,"column":5}}},"fnMap":{"0":{"name":"(anonymous_0)","decl":{"start":{"line":9,"column":2},"end":{"line":9,"column":3}},"loc":{"start":{"line":9,"column":11},"end":{"line":24,"column":3}},"line":9}},"branchMap":{},"s":{"0":5},"f":{"0":5},"b":{},"_coverageSchema":"1a1c01bbd47fc00a2c39e90264f33305004495a9","hash":"f973d77a2f8bcb07e056cc8c15bc798f8ba6b795"}
,"/Users/learnacademy/Desktop/paw-spot/app/javascript/components/pages/ProtectedSpotIndex.js": {"path":"/Users/learnacademy/Desktop/paw-spot/app/javascript/components/pages/ProtectedSpotIndex.js","statementMap":{"0":{"start":{"line":10,"column":8},"end":{"line":10,"column":18}},"1":{"start":{"line":11,"column":4},"end":{"line":34,"column":5}},"2":{"start":{"line":17,"column":14},"end":{"line":29,"column":15}}},"fnMap":{"0":{"name":"(anonymous_0)","decl":{"start":{"line":6,"column":2},"end":{"line":6,"column":3}},"loc":{"start":{"line":6,"column":11},"end":{"line":35,"column":3}},"line":6},"1":{"name":"(anonymous_1)","decl":{"start":{"line":16,"column":54},"end":{"line":16,"column":55}},"loc":{"start":{"line":16,"column":62},"end":{"line":30,"column":15}},"line":16}},"branchMap":{"0":{"loc":{"start":{"line":16,"column":13},"end":{"line":30,"column":16}},"type":"binary-expr","locations":[{"start":{"line":16,"column":13},"end":{"line":16,"column":29}},{"start":{"line":16,"column":33},"end":{"line":30,"column":16}}],"line":16}},"s":{"0":9,"1":9,"2":9},"f":{"0":9,"1":9},"b":{"0":[9,9]},"_coverageSchema":"1a1c01bbd47fc00a2c39e90264f33305004495a9","hash":"1d140aabfc967e875df37bb5d4669b89bf36a46e"}
,"/Users/learnacademy/Desktop/paw-spot/app/javascript/components/pages/SpotEdit.js": {"path":"/Users/learnacademy/Desktop/paw-spot/app/javascript/components/pages/SpotEdit.js","statementMap":{"0":{"start":{"line":8,"column":4},"end":{"line":8,"column":17}},"1":{"start":{"line":9,"column":4},"end":{"line":23,"column":6}},"2":{"start":{"line":27,"column":4},"end":{"line":41,"column":5}},"3":{"start":{"line":28,"column":6},"end":{"line":40,"column":9}},"4":{"start":{"line":44,"column":17},"end":{"line":48,"column":3}},"5":{"start":{"line":45,"column":28},"end":{"line":45,"column":38}},"6":{"start":{"line":46,"column":4},"end":{"line":46,"column":48}},"7":{"start":{"line":47,"column":4},"end":{"line":47,"column":48}},"8":{"start":{"line":50,"column":17},"end":{"line":53,"column":3}},"9":{"start":{"line":51,"column":4},"end":{"line":51,"column":70}},"10":{"start":{"line":52,"column":4},"end":{"line":52,"column":39}},"11":{"start":{"line":56,"column":4},"end":{"line":143,"column":6}}},"fnMap":{"0":{"name":"(anonymous_0)","decl":{"start":{"line":7,"column":2},"end":{"line":7,"column":3}},"loc":{"start":{"line":7,"column":21},"end":{"line":24,"column":3}},"line":7},"1":{"name":"(anonymous_1)","decl":{"start":{"line":26,"column":2},"end":{"line":26,"column":3}},"loc":{"start":{"line":26,"column":32},"end":{"line":42,"column":3}},"line":26},"2":{"name":"(anonymous_2)","decl":{"start":{"line":44,"column":17},"end":{"line":44,"column":18}},"loc":{"start":{"line":44,"column":24},"end":{"line":48,"column":3}},"line":44},"3":{"name":"(anonymous_3)","decl":{"start":{"line":50,"column":17},"end":{"line":50,"column":18}},"loc":{"start":{"line":50,"column":23},"end":{"line":53,"column":3}},"line":50},"4":{"name":"(anonymous_4)","decl":{"start":{"line":55,"column":2},"end":{"line":55,"column":3}},"loc":{"start":{"line":55,"column":11},"end":{"line":144,"column":3}},"line":55}},"branchMap":{"0":{"loc":{"start":{"line":27,"column":4},"end":{"line":41,"column":5}},"type":"if","locations":[{"start":{"line":27,"column":4},"end":{"line":41,"column":5}},{"start":{},"end":{}}],"line":27},"1":{"loc":{"start":{"line":141,"column":9},"end":{"line":141,"column":61}},"type":"binary-expr","locations":[{"start":{"line":141,"column":9},"end":{"line":141,"column":29}},{"start":{"line":141,"column":33},"end":{"line":141,"column":61}}],"line":141}},"s":{"0":6,"1":6,"2":0,"3":0,"4":6,"5":0,"6":0,"7":0,"8":6,"9":0,"10":0,"11":6},"f":{"0":6,"1":0,"2":0,"3":0,"4":6},"b":{"0":[0,0],"1":[6,0]},"_coverageSchema":"1a1c01bbd47fc00a2c39e90264f33305004495a9","hash":"ed3966ea5f2074039722a37a45621a3b6aeb271c"}
,"/Users/learnacademy/Desktop/paw-spot/app/javascript/components/pages/SpotIndex.js": {"path":"/Users/learnacademy/Desktop/paw-spot/app/javascript/components/pages/SpotIndex.js","statementMap":{"0":{"start":{"line":6,"column":8},"end":{"line":6,"column":20}},"1":{"start":{"line":7,"column":8},"end":{"line":17,"column":9}},"2":{"start":{"line":20,"column":27},"end":{"line":28,"column":5}},"3":{"start":{"line":21,"column":8},"end":{"line":27,"column":9}},"4":{"start":{"line":22,"column":12},"end":{"line":22,"column":95}},"5":{"start":{"line":23,"column":14},"end":{"line":27,"column":9}},"6":{"start":{"line":24,"column":12},"end":{"line":24,"column":35}},"7":{"start":{"line":26,"column":12},"end":{"line":26,"column":87}},"8":{"start":{"line":26,"column":51},"end":{"line":26,"column":86}},"9":{"start":{"line":30,"column":18},"end":{"line":32,"column":5}},"10":{"start":{"line":31,"column":8},"end":{"line":31,"column":35}},"11":{"start":{"line":34,"column":18},"end":{"line":36,"column":5}},"12":{"start":{"line":35,"column":8},"end":{"line":35,"column":36}},"13":{"start":{"line":40,"column":31},"end":{"line":40,"column":41}},"14":{"start":{"line":42,"column":4},"end":{"line":82,"column":5}},"15":{"start":{"line":50,"column":55},"end":{"line":50,"column":127}},"16":{"start":{"line":50,"column":79},"end":{"line":50,"column":100}},"17":{"start":{"line":65,"column":16},"end":{"line":78,"column":17}}},"fnMap":{"0":{"name":"(anonymous_0)","decl":{"start":{"line":5,"column":4},"end":{"line":5,"column":5}},"loc":{"start":{"line":5,"column":23},"end":{"line":18,"column":5}},"line":5},"1":{"name":"(anonymous_1)","decl":{"start":{"line":20,"column":27},"end":{"line":20,"column":28}},"loc":{"start":{"line":20,"column":32},"end":{"line":28,"column":5}},"line":20},"2":{"name":"(anonymous_2)","decl":{"start":{"line":26,"column":43},"end":{"line":26,"column":44}},"loc":{"start":{"line":26,"column":51},"end":{"line":26,"column":86}},"line":26},"3":{"name":"(anonymous_3)","decl":{"start":{"line":30,"column":18},"end":{"line":30,"column":19}},"loc":{"start":{"line":30,"column":24},"end":{"line":32,"column":5}},"line":30},"4":{"name":"(anonymous_4)","decl":{"start":{"line":34,"column":18},"end":{"line":34,"column":19}},"loc":{"start":{"line":34,"column":27},"end":{"line":36,"column":5}},"line":34},"5":{"name":"(anonymous_5)","decl":{"start":{"line":38,"column":2},"end":{"line":38,"column":3}},"loc":{"start":{"line":38,"column":11},"end":{"line":83,"column":3}},"line":38},"6":{"name":"(anonymous_6)","decl":{"start":{"line":50,"column":48},"end":{"line":50,"column":49}},"loc":{"start":{"line":50,"column":55},"end":{"line":50,"column":127}},"line":50},"7":{"name":"(anonymous_7)","decl":{"start":{"line":50,"column":72},"end":{"line":50,"column":73}},"loc":{"start":{"line":50,"column":78},"end":{"line":50,"column":101}},"line":50},"8":{"name":"(anonymous_8)","decl":{"start":{"line":63,"column":54},"end":{"line":63,"column":55}},"loc":{"start":{"line":63,"column":62},"end":{"line":79,"column":9}},"line":63}},"branchMap":{"0":{"loc":{"start":{"line":21,"column":8},"end":{"line":27,"column":9}},"type":"if","locations":[{"start":{"line":21,"column":8},"end":{"line":27,"column":9}},{"start":{"line":23,"column":14},"end":{"line":27,"column":9}}],"line":21},"1":{"loc":{"start":{"line":22,"column":19},"end":{"line":22,"column":95}},"type":"cond-expr","locations":[{"start":{"line":22,"column":49},"end":{"line":22,"column":76}},{"start":{"line":22,"column":79},"end":{"line":22,"column":95}}],"line":22},"2":{"loc":{"start":{"line":23,"column":14},"end":{"line":27,"column":9}},"type":"if","locations":[{"start":{"line":23,"column":14},"end":{"line":27,"column":9}},{"start":{"line":25,"column":13},"end":{"line":27,"column":9}}],"line":23},"3":{"loc":{"start":{"line":44,"column":9},"end":{"line":52,"column":11}},"type":"binary-expr","locations":[{"start":{"line":44,"column":9},"end":{"line":44,"column":18}},{"start":{"line":45,"column":8},"end":{"line":52,"column":11}}],"line":44},"4":{"loc":{"start":{"line":54,"column":9},"end":{"line":59,"column":15}},"type":"binary-expr","locations":[{"start":{"line":54,"column":9},"end":{"line":54,"column":19}},{"start":{"line":55,"column":12},"end":{"line":59,"column":15}}],"line":54},"5":{"loc":{"start":{"line":63,"column":13},"end":{"line":79,"column":10}},"type":"binary-expr","locations":[{"start":{"line":63,"column":13},"end":{"line":63,"column":18}},{"start":{"line":63,"column":22},"end":{"line":79,"column":10}}],"line":63}},"s":{"0":12,"1":12,"2":12,"3":7,"4":0,"5":7,"6":7,"7":0,"8":0,"9":12,"10":0,"11":12,"12":0,"13":12,"14":12,"15":12,"16":0,"17":7},"f":{"0":12,"1":7,"2":0,"3":0,"4":0,"5":12,"6":12,"7":0,"8":7},"b":{"0":[0,7],"1":[0,0],"2":[7,0],"3":[12,2],"4":[12,10],"5":[12,7]},"_coverageSchema":"1a1c01bbd47fc00a2c39e90264f33305004495a9","hash":"97420478db02b926aa18170b8b6d0ebb8d43299b"}
,"/Users/learnacademy/Desktop/paw-spot/app/javascript/components/pages/SpotNew.js": {"path":"/Users/learnacademy/Desktop/paw-spot/app/javascript/components/pages/SpotNew.js","statementMap":{"0":{"start":{"line":8,"column":4},"end":{"line":8,"column":16}},"1":{"start":{"line":9,"column":4},"end":{"line":22,"column":5}},"2":{"start":{"line":25,"column":17},"end":{"line":30,"column":3}},"3":{"start":{"line":27,"column":20},"end":{"line":27,"column":30}},"4":{"start":{"line":28,"column":4},"end":{"line":28,"column":43}},"5":{"start":{"line":29,"column":4},"end":{"line":29,"column":37}},"6":{"start":{"line":32,"column":17},"end":{"line":35,"column":3}},"7":{"start":{"line":33,"column":4},"end":{"line":33,"column":45}},"8":{"start":{"line":34,"column":4},"end":{"line":34,"column":36}},"9":{"start":{"line":38,"column":4},"end":{"line":126,"column":5}}},"fnMap":{"0":{"name":"(anonymous_0)","decl":{"start":{"line":7,"column":2},"end":{"line":7,"column":3}},"loc":{"start":{"line":7,"column":20},"end":{"line":23,"column":3}},"line":7},"1":{"name":"(anonymous_1)","decl":{"start":{"line":25,"column":17},"end":{"line":25,"column":18}},"loc":{"start":{"line":25,"column":24},"end":{"line":30,"column":3}},"line":25},"2":{"name":"(anonymous_2)","decl":{"start":{"line":32,"column":17},"end":{"line":32,"column":18}},"loc":{"start":{"line":32,"column":23},"end":{"line":35,"column":3}},"line":32},"3":{"name":"(anonymous_3)","decl":{"start":{"line":37,"column":2},"end":{"line":37,"column":3}},"loc":{"start":{"line":37,"column":11},"end":{"line":127,"column":3}},"line":37}},"branchMap":{"0":{"loc":{"start":{"line":122,"column":20},"end":{"line":122,"column":73}},"type":"binary-expr","locations":[{"start":{"line":122,"column":20},"end":{"line":122,"column":40}},{"start":{"line":122,"column":45},"end":{"line":122,"column":73}}],"line":122}},"s":{"0":6,"1":6,"2":6,"3":0,"4":0,"5":0,"6":6,"7":0,"8":0,"9":6},"f":{"0":6,"1":0,"2":0,"3":6},"b":{"0":[6,0]},"_coverageSchema":"1a1c01bbd47fc00a2c39e90264f33305004495a9","hash":"b811e979a1fb2fba2387386d802afac63f0d9a8c"}
,"/Users/learnacademy/Desktop/paw-spot/app/javascript/components/pages/SpotShow.js": {"path":"/Users/learnacademy/Desktop/paw-spot/app/javascript/components/pages/SpotShow.js","statementMap":{"0":{"start":{"line":15,"column":4},"end":{"line":15,"column":16}},"1":{"start":{"line":16,"column":4},"end":{"line":26,"column":5}},"2":{"start":{"line":30,"column":17},"end":{"line":30,"column":48}},"3":{"start":{"line":31,"column":4},"end":{"line":47,"column":5}},"4":{"start":{"line":32,"column":6},"end":{"line":46,"column":10}},"5":{"start":{"line":35,"column":31},"end":{"line":35,"column":68}},"6":{"start":{"line":36,"column":10},"end":{"line":45,"column":12}},"7":{"start":{"line":54,"column":19},"end":{"line":54,"column":29}},"8":{"start":{"line":56,"column":27},"end":{"line":62,"column":5}},"9":{"start":{"line":64,"column":20},"end":{"line":67,"column":5}},"10":{"start":{"line":69,"column":4},"end":{"line":124,"column":6}},"11":{"start":{"line":90,"column":63},"end":{"line":90,"column":93}}},"fnMap":{"0":{"name":"(anonymous_0)","decl":{"start":{"line":14,"column":2},"end":{"line":14,"column":3}},"loc":{"start":{"line":14,"column":20},"end":{"line":27,"column":3}},"line":14},"1":{"name":"(anonymous_1)","decl":{"start":{"line":29,"column":2},"end":{"line":29,"column":3}},"loc":{"start":{"line":29,"column":32},"end":{"line":48,"column":3}},"line":29},"2":{"name":"(anonymous_2)","decl":{"start":{"line":34,"column":8},"end":{"line":34,"column":9}},"loc":{"start":{"line":34,"column":22},"end":{"line":46,"column":9}},"line":34},"3":{"name":"(anonymous_3)","decl":{"start":{"line":52,"column":2},"end":{"line":52,"column":3}},"loc":{"start":{"line":52,"column":11},"end":{"line":125,"column":3}},"line":52},"4":{"name":"(anonymous_4)","decl":{"start":{"line":90,"column":57},"end":{"line":90,"column":58}},"loc":{"start":{"line":90,"column":63},"end":{"line":90,"column":93}},"line":90}},"branchMap":{"0":{"loc":{"start":{"line":31,"column":4},"end":{"line":47,"column":5}},"type":"if","locations":[{"start":{"line":31,"column":4},"end":{"line":47,"column":5}},{"start":{},"end":{}}],"line":31},"1":{"loc":{"start":{"line":72,"column":9},"end":{"line":95,"column":17}},"type":"binary-expr","locations":[{"start":{"line":72,"column":9},"end":{"line":72,"column":13}},{"start":{"line":73,"column":10},"end":{"line":95,"column":17}}],"line":72},"2":{"loc":{"start":{"line":87,"column":18},"end":{"line":91,"column":19}},"type":"binary-expr","locations":[{"start":{"line":87,"column":18},"end":{"line":87,"column":61}},{"start":{"line":88,"column":16},"end":{"line":91,"column":19}}],"line":87}},"s":{"0":10,"1":10,"2":0,"3":0,"4":0,"5":0,"6":0,"7":10,"8":10,"9":10,"10":10,"11":0},"f":{"0":10,"1":0,"2":0,"3":10,"4":0},"b":{"0":[0,0],"1":[10,10],"2":[10,10]},"_coverageSchema":"1a1c01bbd47fc00a2c39e90264f33305004495a9","hash":"485e568d16e11c9d2b06c7402e4af349c99b94d9"}
}
