TN:
SF:app/javascript/components/components/Footer.js
FN:4,(anonymous_0)
FNF:1
FNH:1
FNDA:1,(anonymous_0)
DA:5,1
LF:1
LH:1
BRF:0
BRH:0
end_of_record
TN:
SF:app/javascript/components/pages/Home.js
FN:6,(anonymous_0)
FNF:1
FNH:1
FNDA:9,(anonymous_0)
DA:11,9
DA:13,9
LF:2
LH:2
BRDA:22,0,0,9
BRDA:22,0,1,7
BRDA:34,1,0,9
BRDA:34,1,1,2
BRDA:69,2,0,9
BRDA:69,2,1,2
BRF:6
BRH:6
end_of_record
TN:
SF:app/javascript/components/pages/NotFound.js
FN:9,(anonymous_0)
FNF:1
FNH:1
FNDA:5,(anonymous_0)
DA:10,5
LF:1
LH:1
BRF:0
BRH:0
end_of_record
TN:
SF:app/javascript/components/pages/ProtectedSpotIndex.js
FN:6,(anonymous_0)
FN:16,(anonymous_1)
FNF:2
FNH:2
FNDA:9,(anonymous_0)
FNDA:9,(anonymous_1)
DA:10,9
DA:11,9
DA:17,9
LF:3
LH:3
BRDA:16,0,0,9
BRDA:16,0,1,9
BRF:2
BRH:2
end_of_record
TN:
SF:app/javascript/components/pages/SpotEdit.js
FN:7,(anonymous_0)
FN:26,(anonymous_1)
FN:44,(anonymous_2)
FN:50,(anonymous_3)
FN:55,(anonymous_4)
FNF:5
FNH:2
FNDA:6,(anonymous_0)
FNDA:0,(anonymous_1)
FNDA:0,(anonymous_2)
FNDA:0,(anonymous_3)
FNDA:6,(anonymous_4)
DA:8,6
DA:9,6
DA:27,0
DA:28,0
DA:44,6
DA:45,0
DA:46,0
DA:47,0
DA:50,6
DA:51,0
DA:52,0
DA:56,6
LF:12
LH:5
BRDA:27,0,0,0
BRDA:27,0,1,0
BRDA:141,1,0,6
BRDA:141,1,1,0
BRF:4
BRH:1
end_of_record
TN:
SF:app/javascript/components/pages/SpotIndex.js
FN:5,(anonymous_0)
FN:20,(anonymous_1)
FN:26,(anonymous_2)
FN:30,(anonymous_3)
FN:34,(anonymous_4)
FN:38,(anonymous_5)
FN:50,(anonymous_6)
FN:50,(anonymous_7)
FN:63,(anonymous_8)
FNF:9
FNH:5
FNDA:12,(anonymous_0)
FNDA:7,(anonymous_1)
FNDA:0,(anonymous_2)
FNDA:0,(anonymous_3)
FNDA:0,(anonymous_4)
FNDA:12,(anonymous_5)
FNDA:12,(anonymous_6)
FNDA:0,(anonymous_7)
FNDA:7,(anonymous_8)
DA:6,12
DA:7,12
DA:20,12
DA:21,7
DA:22,0
DA:23,7
DA:24,7
DA:26,0
DA:30,12
DA:31,0
DA:34,12
DA:35,0
DA:40,12
DA:42,12
DA:50,12
DA:65,7
LF:16
LH:12
BRDA:21,0,0,0
BRDA:21,0,1,7
BRDA:22,1,0,0
BRDA:22,1,1,0
BRDA:23,2,0,7
BRDA:23,2,1,0
BRDA:44,3,0,12
BRDA:44,3,1,2
BRDA:54,4,0,12
BRDA:54,4,1,10
BRDA:63,5,0,12
BRDA:63,5,1,7
BRF:12
BRH:8
end_of_record
TN:
SF:app/javascript/components/pages/SpotNew.js
FN:7,(anonymous_0)
FN:25,(anonymous_1)
FN:32,(anonymous_2)
FN:37,(anonymous_3)
FNF:4
FNH:2
FNDA:6,(anonymous_0)
FNDA:0,(anonymous_1)
FNDA:0,(anonymous_2)
FNDA:6,(anonymous_3)
DA:8,6
DA:9,6
DA:25,6
DA:27,0
DA:28,0
DA:29,0
DA:32,6
DA:33,0
DA:34,0
DA:38,6
LF:10
LH:5
BRDA:122,0,0,6
BRDA:122,0,1,0
BRF:2
BRH:1
end_of_record
TN:
SF:app/javascript/components/pages/SpotShow.js
FN:14,(anonymous_0)
FN:29,(anonymous_1)
FN:34,(anonymous_2)
FN:52,(anonymous_3)
FN:90,(anonymous_4)
FNF:5
FNH:2
FNDA:10,(anonymous_0)
FNDA:0,(anonymous_1)
FNDA:0,(anonymous_2)
FNDA:10,(anonymous_3)
FNDA:0,(anonymous_4)
DA:15,10
DA:16,10
DA:30,0
DA:31,0
DA:32,0
DA:35,0
DA:36,0
DA:54,10
DA:56,10
DA:64,10
DA:69,10
DA:90,0
LF:12
LH:6
BRDA:31,0,0,0
BRDA:31,0,1,0
BRDA:72,1,0,10
BRDA:72,1,1,10
BRDA:87,2,0,10
BRDA:87,2,1,10
BRF:6
BRH:4
end_of_record
